<?xml version="1.0" encoding="UTF-8"?>
<testng-results skipped="0" failed="0" ignored="0" total="6" passed="6">
  <reporter-output>
  </reporter-output>
  <suite name="Suite" duration-ms="80" started-at="2020-06-26T07:03:25Z" finished-at="2020-06-26T07:03:25Z">
    <groups>
    </groups>
    <test name="Test" duration-ms="80" started-at="2020-06-26T07:03:25Z" finished-at="2020-06-26T07:03:25Z">
      <class name="com.test.practice.ExecutingParallelTestCases">
        <test-method status="PASS" signature="Test1()[pri:0, instance:com.test.practice.ExecutingParallelTestCases@28d25987]" name="Test1" duration-ms="23" started-at="2020-06-26T12:33:25Z" finished-at="2020-06-26T12:33:25Z">
          <reporter-output>
          </reporter-output>
        </test-method> <!-- Test1 -->
        <test-method status="PASS" signature="Test2()[pri:0, instance:com.test.practice.ExecutingParallelTestCases@28d25987]" name="Test2" duration-ms="15" started-at="2020-06-26T12:33:25Z" finished-at="2020-06-26T12:33:25Z">
          <reporter-output>
          </reporter-output>
        </test-method> <!-- Test2 -->
        <test-method status="PASS" signature="Test1()[pri:0, instance:com.test.practice.ExecutingParallelTestCases@28d25987]" name="Test1" duration-ms="3" started-at="2020-06-26T12:33:25Z" finished-at="2020-06-26T12:33:25Z">
          <reporter-output>
          </reporter-output>
        </test-method> <!-- Test1 -->
        <test-method status="PASS" signature="Test1()[pri:0, instance:com.test.practice.ExecutingParallelTestCases@28d25987]" name="Test1" duration-ms="4" started-at="2020-06-26T12:33:25Z" finished-at="2020-06-26T12:33:25Z">
          <reporter-output>
          </reporter-output>
        </test-method> <!-- Test1 -->
        <test-method status="PASS" signature="Test1()[pri:0, instance:com.test.practice.ExecutingParallelTestCases@28d25987]" name="Test1" duration-ms="1" started-at="2020-06-26T12:33:25Z" finished-at="2020-06-26T12:33:25Z">
          <reporter-output>
          </reporter-output>
        </test-method> <!-- Test1 -->
        <test-method status="PASS" signature="Test1()[pri:0, instance:com.test.practice.ExecutingParallelTestCases@28d25987]" name="Test1" duration-ms="2" started-at="2020-06-26T12:33:25Z" finished-at="2020-06-26T12:33:25Z">
          <reporter-output>
          </reporter-output>
        </test-method> <!-- Test1 -->
      </class> <!-- com.test.practice.ExecutingParallelTestCases -->
    </test> <!-- Test -->
  </suite> <!-- Suite -->
</testng-results>
